<?xml version="1.0" encoding="UTF-8"?>
<!-- Generated by org.testng.reporters.JUnitReportReporter -->
<testsuite skipped="0" hostname="PRAVEEN" name="SeleniumPrograms.TestNGPriority_Example" tests="4" failures="0" timestamp="2020-12-05T09:14:04 IST" time="0.064" errors="0">
  <testcase name="Test3" time="0.023" classname="SeleniumPrograms.TestNGPriority_Example"/>
  <system-out/>
  <testcase name="Test4" time="0.005" classname="SeleniumPrograms.TestNGPriority_Example"/>
  <system-out/>
  <testcase name="Test1" time="0.026" classname="SeleniumPrograms.TestNGPriority_Example"/>
  <system-out/>
  <testcase name="Test2" time="0.010" classname="SeleniumPrograms.TestNGPriority_Example"/>
  <system-out/>
</testsuite> <!-- SeleniumPrograms.TestNGPriority_Example -->
