<?xml version="1.0" encoding="UTF-8"?>
<!-- Generated by org.testng.reporters.JUnitReportReporter -->
<testsuite skipped="0" hostname="PRAVEEN" name="SeleniumPrograms.DataProviderEx" tests="4" failures="0" timestamp="2020-12-20T10:41:11 IST" time="82.387" errors="0">
  <testcase name="sample" time="17.647" classname="SeleniumPrograms.DataProviderEx"/>
  <system-out/>
  <testcase name="sample" time="25.704" classname="SeleniumPrograms.DataProviderEx"/>
  <system-out/>
  <testcase name="sample" time="21.618" classname="SeleniumPrograms.DataProviderEx"/>
  <system-out/>
  <testcase name="sample" time="17.418" classname="SeleniumPrograms.DataProviderEx"/>
  <system-out/>
</testsuite> <!-- SeleniumPrograms.DataProviderEx -->
