<?xml version="1.0" encoding="UTF-8"?>
<!-- Generated by org.testng.reporters.JUnitReportReporter -->
<testsuite skipped="0" hostname="PRAVEEN" name="SeleniumPrograms.ExtentRepoEx" tests="1" failures="0" timestamp="2020-12-19T09:08:53 IST" time="21.895" errors="0">
  <testcase name="loginFB" time="21.895" classname="SeleniumPrograms.ExtentRepoEx"/>
  <system-out/>
</testsuite> <!-- SeleniumPrograms.ExtentRepoEx -->
