<?xml version="1.0" encoding="UTF-8"?>
<!-- Generated by org.testng.reporters.JUnitReportReporter -->
<testsuite skipped="0" hostname="PRAVEEN" name="SeleniumPrograms.TestNGGroups_Example" tests="12" failures="0" timestamp="2020-12-05T11:06:34 IST" time="0.091" errors="0">
  <testcase name="Test1" time="0.004" classname="SeleniumPrograms.TestNGGroups_Example"/>
  <system-out/>
  <testcase name="Test1" time="0.011" classname="SeleniumPrograms.TestNGGroups_Example"/>
  <system-out/>
  <testcase name="Test6" time="0.008" classname="SeleniumPrograms.TestNGGroups_Example"/>
  <system-out/>
  <testcase name="Test1" time="0.014" classname="SeleniumPrograms.TestNGGroups_Example"/>
  <system-out/>
  <testcase name="Test1" time="0.007" classname="SeleniumPrograms.TestNGGroups_Example"/>
  <system-out/>
  <testcase name="Test1" time="0.005" classname="SeleniumPrograms.TestNGGroups_Example"/>
  <system-out/>
  <testcase name="Test4" time="0.005" classname="SeleniumPrograms.TestNGGroups_Example"/>
  <system-out/>
  <testcase name="Test3" time="0.017" classname="SeleniumPrograms.TestNGGroups_Example"/>
  <system-out/>
  <testcase name="Test3" time="0.004" classname="SeleniumPrograms.TestNGGroups_Example"/>
  <system-out/>
  <testcase name="Test3" time="0.006" classname="SeleniumPrograms.TestNGGroups_Example"/>
  <system-out/>
  <testcase name="Test5" time="0.006" classname="SeleniumPrograms.TestNGGroups_Example"/>
  <system-out/>
  <testcase name="Test2" time="0.004" classname="SeleniumPrograms.TestNGGroups_Example"/>
  <system-out/>
</testsuite> <!-- SeleniumPrograms.TestNGGroups_Example -->
