<?xml version="1.0" encoding="UTF-8"?>
<!-- Generated by org.testng.reporters.JUnitReportReporter -->
<testsuite skipped="0" hostname="PRAVEEN" name="SeleniumPrograms.paralleltestEx" tests="3" failures="0" timestamp="2020-12-06T12:17:48 IST" time="79.236" errors="0">
  <testcase name="Login" time="20.810" classname="SeleniumPrograms.paralleltestEx"/>
  <system-out/>
  <testcase name="Payment" time="36.278" classname="SeleniumPrograms.paralleltestEx"/>
  <system-out/>
  <testcase name="ForgotPasssword" time="22.148" classname="SeleniumPrograms.paralleltestEx"/>
  <system-out/>
</testsuite> <!-- SeleniumPrograms.paralleltestEx -->
