<?xml version="1.0" encoding="UTF-8"?>
<!-- Generated by org.testng.reporters.JUnitReportReporter -->
<testsuite skipped="1" hostname="PRAVEEN" name="SeleniumPrograms.skipExampleinTestBG" tests="3" failures="0" timestamp="2020-12-05T11:12:51 IST" time="0.038" errors="0">
  <testcase name="Test2" time="0.015" classname="SeleniumPrograms.skipExampleinTestBG"/>
  <system-out/>
  <testcase name="Test3" time="0.023" classname="SeleniumPrograms.skipExampleinTestBG"/>
  <system-out/>
  <testcase name="Test1" classname="SeleniumPrograms.skipExampleinTestBG">
    <skipped/>
  </testcase> <!-- Test1 -->
  <system-out/>
</testsuite> <!-- SeleniumPrograms.skipExampleinTestBG -->
