<?xml version="1.0" encoding="UTF-8"?>
<!-- Generated by org.testng.reporters.JUnitReportReporter -->
<testsuite skipped="0" hostname="PRAVEEN" name="SeleniumPrograms.TestNGGroups_Example2" tests="8" failures="0" timestamp="2020-12-06T11:28:28 IST" time="0.097" errors="0">
  <testcase name="Test2" time="0.024" classname="SeleniumPrograms.TestNGGroups_Example2"/>
  <system-out/>
  <testcase name="Test1" time="0.004" classname="SeleniumPrograms.TestNGGroups_Example2"/>
  <system-out/>
  <testcase name="Test1" time="0.012" classname="SeleniumPrograms.TestNGGroups_Example2"/>
  <system-out/>
  <testcase name="Test1" time="0.004" classname="SeleniumPrograms.TestNGGroups_Example2"/>
  <system-out/>
  <testcase name="Test2" time="0.005" classname="SeleniumPrograms.TestNGGroups_Example2"/>
  <system-out/>
  <testcase name="Test2" time="0.004" classname="SeleniumPrograms.TestNGGroups_Example2"/>
  <system-out/>
  <testcase name="Test1" time="0.005" classname="SeleniumPrograms.TestNGGroups_Example2"/>
  <system-out/>
  <testcase name="Test1" time="0.039" classname="SeleniumPrograms.TestNGGroups_Example2"/>
  <system-out/>
</testsuite> <!-- SeleniumPrograms.TestNGGroups_Example2 -->
