<?xml version="1.0" encoding="UTF-8"?>
<!-- Generated by org.testng.reporters.JUnitReportReporter -->
<testsuite skipped="0" hostname="PRAVEEN" name="SeleniumPrograms.mytestngEx" tests="3" failures="0" timestamp="2020-11-29T10:46:42 IST" time="0.056" errors="0">
  <testcase name="hello1" time="0.031" classname="SeleniumPrograms.mytestngEx"/>
  <system-out/>
  <testcase name="hello3" time="0.010" classname="SeleniumPrograms.mytestngEx"/>
  <system-out/>
  <testcase name="hello2" time="0.015" classname="SeleniumPrograms.mytestngEx"/>
  <system-out/>
</testsuite> <!-- SeleniumPrograms.mytestngEx -->
