<?xml version="1.0" encoding="UTF-8"?>
<!-- Generated by org.testng.reporters.JUnitReportReporter -->
<testsuite skipped="0" hostname="PRAVEEN" name="SeleniumPrograms.parametersExampletestNG" tests="1" failures="0" timestamp="2020-12-05T11:24:30 IST" time="27.398" errors="0">
  <testcase name="login" time="27.398" classname="SeleniumPrograms.parametersExampletestNG"/>
  <system-out/>
</testsuite> <!-- SeleniumPrograms.parametersExampletestNG -->
